2024-12-28 12:16:50.401 [background-preinit] INFO  o.h.validator.internal.util.Version - HV000001: Hibernate Validator 8.0.2.Final
2024-12-28 12:16:50.449 [main] INFO  c.e.D.DatnFashionShopBeApplication - Starting DatnFashionShopBeApplication using Java 21.0.5 with PID 28616 (D:\DATN\DATN-Fashion-Shop-BE\target\classes started by THANHDAT in D:\DATN\DATN-Fashion-Shop-BE)
2024-12-28 12:16:50.449 [main] DEBUG c.e.D.DatnFashionShopBeApplication - Running with Spring Boot v3.4.1, Spring v6.2.1
2024-12-28 12:16:50.450 [main] INFO  c.e.D.DatnFashionShopBeApplication - No active profile set, falling back to 1 default profile: "default"
2024-12-28 12:16:51.047 [main] INFO  o.s.d.r.c.RepositoryConfigurationDelegate - Multiple Spring Data modules found, entering strict repository configuration mode
2024-12-28 12:16:51.051 [main] INFO  o.s.d.r.c.RepositoryConfigurationDelegate - Bootstrapping Spring Data JDBC repositories in DEFAULT mode.
2024-12-28 12:16:51.077 [main] INFO  o.s.d.r.c.RepositoryConfigurationExtensionSupport - Spring Data JDBC - Could not safely identify store assignment for repository candidate interface com.example.DATN_Fashion_Shop_BE.repository.CategoryRepository; If you want this repository to be a JDBC repository, consider annotating your entities with one of these annotations: org.springframework.data.relational.core.mapping.Table.
2024-12-28 12:16:51.078 [main] INFO  o.s.d.r.c.RepositoryConfigurationExtensionSupport - Spring Data JDBC - Could not safely identify store assignment for repository candidate interface com.example.DATN_Fashion_Shop_BE.repository.CategoryTranslationRepository; If you want this repository to be a JDBC repository, consider annotating your entities with one of these annotations: org.springframework.data.relational.core.mapping.Table.
2024-12-28 12:16:51.079 [main] INFO  o.s.d.r.c.RepositoryConfigurationExtensionSupport - Spring Data JDBC - Could not safely identify store assignment for repository candidate interface com.example.DATN_Fashion_Shop_BE.repository.LanguageRepository; If you want this repository to be a JDBC repository, consider annotating your entities with one of these annotations: org.springframework.data.relational.core.mapping.Table.
2024-12-28 12:16:51.079 [main] INFO  o.s.d.r.c.RepositoryConfigurationDelegate - Finished Spring Data repository scanning in 25 ms. Found 0 JDBC repository interfaces.
2024-12-28 12:16:51.087 [main] INFO  o.s.d.r.c.RepositoryConfigurationDelegate - Multiple Spring Data modules found, entering strict repository configuration mode
2024-12-28 12:16:51.089 [main] INFO  o.s.d.r.c.RepositoryConfigurationDelegate - Bootstrapping Spring Data JPA repositories in DEFAULT mode.
2024-12-28 12:16:51.115 [main] INFO  o.s.d.r.c.RepositoryConfigurationDelegate - Finished Spring Data repository scanning in 22 ms. Found 3 JPA repository interfaces.
2024-12-28 12:16:51.500 [main] INFO  o.s.b.w.e.tomcat.TomcatWebServer - Tomcat initialized with port 8080 (http)
2024-12-28 12:16:51.515 [main] INFO  o.a.coyote.http11.Http11NioProtocol - Initializing ProtocolHandler ["http-nio-8080"]
2024-12-28 12:16:51.516 [main] INFO  o.a.catalina.core.StandardService - Starting service [Tomcat]
2024-12-28 12:16:51.517 [main] INFO  o.a.catalina.core.StandardEngine - Starting Servlet engine: [Apache Tomcat/10.1.34]
2024-12-28 12:16:51.559 [main] INFO  o.a.c.c.C.[Tomcat].[localhost].[/] - Initializing Spring embedded WebApplicationContext
2024-12-28 12:16:51.560 [main] INFO  o.s.b.w.s.c.ServletWebServerApplicationContext - Root WebApplicationContext: initialization completed in 1076 ms
2024-12-28 12:16:51.718 [main] INFO  o.h.jpa.internal.util.LogHelper - HHH000204: Processing PersistenceUnitInfo [name: default]
2024-12-28 12:16:51.763 [main] INFO  org.hibernate.Version - HHH000412: Hibernate ORM core version 6.6.4.Final
2024-12-28 12:16:51.787 [main] INFO  o.h.c.i.RegionFactoryInitiator - HHH000026: Second-level cache disabled
2024-12-28 12:16:51.982 [main] INFO  o.s.o.j.p.SpringPersistenceUnitInfo - No LoadTimeWeaver setup: ignoring JPA class transformer
2024-12-28 12:16:52.005 [main] INFO  com.zaxxer.hikari.HikariDataSource - HikariPool-1 - Starting...
2024-12-28 12:16:52.234 [main] INFO  com.zaxxer.hikari.pool.HikariPool - HikariPool-1 - Added connection ConnectionID:1 ClientConnectionId: 5e6a043e-5c18-4e5c-b03b-86aae7b6a5be
2024-12-28 12:16:52.235 [main] INFO  com.zaxxer.hikari.HikariDataSource - HikariPool-1 - Start completed.
2024-12-28 12:16:52.339 [main] INFO  o.hibernate.orm.connections.pooling - HHH10001005: Database info:
	Database JDBC URL [Connecting through datasource 'HikariDataSource (HikariPool-1)']
	Database driver: undefined/unknown
	Database version: 16.0
	Autocommit mode: undefined/unknown
	Isolation level: undefined/unknown
	Minimum pool size: undefined/unknown
	Maximum pool size: undefined/unknown
2024-12-28 12:16:53.190 [main] INFO  o.h.e.t.j.p.i.JtaPlatformInitiator - HHH000489: No JTA platform available (set 'hibernate.transaction.jta.platform' to enable JTA platform integration)
2024-12-28 12:16:53.595 [main] INFO  o.s.o.j.LocalContainerEntityManagerFactoryBean - Initialized JPA EntityManagerFactory for persistence unit 'default'
2024-12-28 12:16:53.688 [main] WARN  o.s.b.a.o.j.JpaBaseConfiguration$JpaWebConfiguration - spring.jpa.open-in-view is enabled by default. Therefore, database queries may be performed during view rendering. Explicitly configure spring.jpa.open-in-view to disable this warning
2024-12-28 12:16:53.859 [main] INFO  o.s.d.j.r.query.QueryEnhancerFactory - Hibernate is in classpath; If applicable, HQL parser will be used.
2024-12-28 12:16:54.605 [main] WARN  o.s.data.convert.CustomConversions - Registering converter from class microsoft.sql.DateTimeOffset to class java.time.OffsetDateTime as reading converter although it doesn't convert from a store-supported type; You might want to check your annotation setup at the converter implementation
2024-12-28 12:16:54.605 [main] WARN  o.s.data.convert.CustomConversions - Registering converter from class microsoft.sql.DateTimeOffset to class java.time.Instant as reading converter although it doesn't convert from a store-supported type; You might want to check your annotation setup at the converter implementation
2024-12-28 12:16:54.688 [main] INFO  o.a.coyote.http11.Http11NioProtocol - Starting ProtocolHandler ["http-nio-8080"]
2024-12-28 12:16:54.703 [main] INFO  o.s.b.w.e.tomcat.TomcatWebServer - Tomcat started on port 8080 (http) with context path '/'
2024-12-28 12:16:54.710 [main] INFO  c.e.D.DatnFashionShopBeApplication - Started DatnFashionShopBeApplication in 4.642 seconds (process running for 5.424)
2024-12-28 12:17:30.130 [http-nio-8080-exec-1] INFO  o.a.c.c.C.[Tomcat].[localhost].[/] - Initializing Spring DispatcherServlet 'dispatcherServlet'
2024-12-28 12:18:50.176 [SpringApplicationShutdownHook] INFO  o.s.b.w.e.tomcat.GracefulShutdown - Commencing graceful shutdown. Waiting for active requests to complete
2024-12-28 12:18:50.180 [tomcat-shutdown] INFO  o.s.b.w.e.tomcat.GracefulShutdown - Graceful shutdown complete
2024-12-28 12:18:50.184 [SpringApplicationShutdownHook] INFO  o.s.o.j.LocalContainerEntityManagerFactoryBean - Closing JPA EntityManagerFactory for persistence unit 'default'
2024-12-28 12:18:50.185 [SpringApplicationShutdownHook] INFO  com.zaxxer.hikari.HikariDataSource - HikariPool-1 - Shutdown initiated...
2024-12-28 12:18:50.188 [SpringApplicationShutdownHook] INFO  com.zaxxer.hikari.HikariDataSource - HikariPool-1 - Shutdown completed.
